<?xml version="1.0" encoding="UTF-8"?>
<testsuite xmlns:xsi="http://www.w3.org/2001/XMLSchema-instance" xsi:noNamespaceSchemaLocation="https://maven.apache.org/surefire/maven-surefire-plugin/xsd/surefire-test-report.xsd" name="TestSuite" time="2.128" tests="6" errors="0" skipped="0" failures="0">
  <properties>
    <property name="sun.desktop" value="windows"/>
    <property name="awt.toolkit" value="sun.awt.windows.WToolkit"/>
    <property name="java.specification.version" value="11"/>
    <property name="sun.cpu.isalist" value="amd64"/>
    <property name="sun.jnu.encoding" value="Cp1252"/>
    <property name="java.class.path" value="C:\Users\Ankit\.jenkins\workspace\pipelinetest\target\test-classes;C:\Users\Ankit\.jenkins\workspace\pipelinetest\target\classes;D:\MavenRepo\org\testng\testng\7.4.0\testng-7.4.0.jar;D:\MavenRepo\com\beust\jcommander\1.78\jcommander-1.78.jar;D:\MavenRepo\org\webjars\jquery\3.5.1\jquery-3.5.1.jar;"/>
    <property name="java.vm.vendor" value="Oracle Corporation"/>
    <property name="sun.arch.data.model" value="64"/>
    <property name="user.variant" value=""/>
    <property name="java.vendor.url" value="http://java.oracle.com/"/>
    <property name="user.timezone" value="Asia/Calcutta"/>
    <property name="java.vm.specification.version" value="11"/>
    <property name="os.name" value="Windows 10"/>
    <property name="sun.java.launcher" value="SUN_STANDARD"/>
    <property name="user.country" value="IN"/>
    <property name="sun.boot.library.path" value="C:\Program Files\Java\jdk-11\bin"/>
    <property name="sun.java.command" value="C:\Users\Ankit\AppData\Local\Temp\surefire864331255617211338\surefirebooter1874545895351420311.jar C:\Users\Ankit\AppData\Local\Temp\surefire864331255617211338 2021-07-15T17-03-22_670-jvmRun1 surefire8003114534169792023tmp surefire_09009889161609938tmp"/>
    <property name="jdk.debug" value="release"/>
    <property name="surefire.test.class.path" value="C:\Users\Ankit\.jenkins\workspace\pipelinetest\target\test-classes;C:\Users\Ankit\.jenkins\workspace\pipelinetest\target\classes;D:\MavenRepo\org\testng\testng\7.4.0\testng-7.4.0.jar;D:\MavenRepo\com\beust\jcommander\1.78\jcommander-1.78.jar;D:\MavenRepo\org\webjars\jquery\3.5.1\jquery-3.5.1.jar;"/>
    <property name="sun.cpu.endian" value="little"/>
    <property name="user.home" value="C:\Users\Ankit"/>
    <property name="user.language" value="en"/>
    <property name="java.specification.vendor" value="Oracle Corporation"/>
    <property name="java.version.date" value="2018-09-25"/>
    <property name="java.home" value="C:\Program Files\Java\jdk-11"/>
    <property name="file.separator" value="\"/>
    <property name="basedir" value="C:\Users\Ankit\.jenkins\workspace\pipelinetest"/>
    <property name="java.vm.compressedOopsMode" value="32-bit"/>
    <property name="line.separator" value="&#10;"/>
    <property name="java.specification.name" value="Java Platform API Specification"/>
    <property name="java.vm.specification.vendor" value="Oracle Corporation"/>
    <property name="java.awt.graphicsenv" value="sun.awt.Win32GraphicsEnvironment"/>
    <property name="surefire.real.class.path" value="C:\Users\Ankit\AppData\Local\Temp\surefire864331255617211338\surefirebooter1874545895351420311.jar"/>
    <property name="user.script" value=""/>
    <property name="sun.management.compiler" value="HotSpot 64-Bit Tiered Compilers"/>
    <property name="java.runtime.version" value="11+28"/>
    <property name="user.name" value="Ankit"/>
    <property name="path.separator" value=";"/>
    <property name="os.version" value="10.0"/>
    <property name="java.runtime.name" value="OpenJDK Runtime Environment"/>
    <property name="file.encoding" value="Cp1252"/>
    <property name="java.vm.name" value="OpenJDK 64-Bit Server VM"/>
    <property name="java.vendor.version" value="18.9"/>
    <property name="localRepository" value="D:\MavenRepo"/>
    <property name="java.vendor.url.bug" value="http://bugreport.java.com/bugreport/"/>
    <property name="java.io.tmpdir" value="C:\Users\Ankit\AppData\Local\Temp\"/>
    <property name="java.version" value="11"/>
    <property name="user.dir" value="C:\Users\Ankit\.jenkins\workspace\pipelinetest"/>
    <property name="os.arch" value="amd64"/>
    <property name="java.vm.specification.name" value="Java Virtual Machine Specification"/>
    <property name="java.awt.printerjob" value="sun.awt.windows.WPrinterJob"/>
    <property name="sun.os.patch.level" value=""/>
    <property name="java.library.path" value="C:\Program Files\Java\jdk-11\bin;C:\WINDOWS\Sun\Java\bin;C:\WINDOWS\system32;C:\WINDOWS;D:\Ankit\apache-maven-3.8.1/bin;D:\Ankit\apache-maven-3.8.1/bin;C:\Users\Ankit\AppData\Local\Programs\Python\Python39\Scripts;C:\WINDOWS\system32;C:\WINDOWS;C:\WINDOWS\System32\Wbem;C:\WINDOWS\System32\WindowsPowerShell\v1.0\;C:\Program Files (x86)\ATI Technologies\ATI.ACE\Core-Static;C:\WINDOWS\System32\OpenSSH\;C:\Program Files\Git\cmd;C:\Program Files\Java\jdk-11\bin;C:\Users\Ankit\AppData\Local\Programs\Python\Python39\Scripts\;D:\Ankit\apache-maven-3.8.1\bin;."/>
    <property name="java.vendor" value="Oracle Corporation"/>
    <property name="java.vm.info" value="mixed mode"/>
    <property name="java.vm.version" value="11+28"/>
    <property name="sun.io.unicode.encoding" value="UnicodeLittle"/>
    <property name="java.class.version" value="55.0"/>
  </properties>
  <testcase name="TestSubtractionWithPositiveNumbers" classname="NSDLTraining.CalculatorAPI.TestingSubtractionTestCases" time="0.009"/>
  <testcase name="TestSubtractionWith1Positive1NegativeNumbers" classname="NSDLTraining.CalculatorAPI.TestingSubtractionTestCases" time="0"/>
  <testcase name="TestMultiplicationWithPositiveValues" classname="NSDLTraining.CalculatorAPI.TestMultiplication" time="0.004"/>
  <testcase name="TestMultiplicationWithPositiveValues" classname="NSDLTraining.CalculatorAPI.TestMultiplication" time="0.001"/>
  <testcase name="TestMultiplicationWithPositiveValues" classname="NSDLTraining.CalculatorAPI.TestMultiplication" time="0"/>
  <testcase name="TestMultiplicationWithPositiveValues" classname="NSDLTraining.CalculatorAPI.TestMultiplication" time="0"/>
</testsuite>