<?xml version="1.0" encoding="UTF-8"?>
<!-- Generated by org.testng.reporters.JUnitReportReporter -->
<testsuite hostname="LPTSEPT12" failures="0" tests="3" name="NSDLTraining.CalculatorAPI.AdditionTestCases" time="0.008" errors="0" timestamp="2021-07-14T14:40:33 IST" skipped="0">
  <testcase classname="NSDLTraining.CalculatorAPI.AdditionTestCases" name="TestAdditionWithPositiveNumbers" time="0.007"/>
  <system-out/>
  <testcase classname="NSDLTraining.CalculatorAPI.AdditionTestCases" name="TestAdditionWithOnePositiveOneNegative" time="0.000"/>
  <system-out/>
  <testcase classname="NSDLTraining.CalculatorAPI.AdditionTestCases" name="TestAdditionWithZeroNumbers" time="0.001"/>
  <system-out/>
</testsuite> <!-- NSDLTraining.CalculatorAPI.AdditionTestCases -->
