<?xml version="1.0" encoding="UTF-8"?>
<!-- Generated by org.testng.reporters.JUnitReportReporter -->
<testsuite hostname="DESKTOP-4VODV2N" failures="0" tests="2" name="NSDLTraining.CalculatorAPI.TestingSubtractionTestCases" time="0.006" errors="0" timestamp="2021-07-15T17:03:27 IST" skipped="0">
  <testcase classname="NSDLTraining.CalculatorAPI.TestingSubtractionTestCases" name="TestSubtractionWithPositiveNumbers" time="0.005"/>
  <system-out/>
  <testcase classname="NSDLTraining.CalculatorAPI.TestingSubtractionTestCases" name="TestSubtractionWith1Positive1NegativeNumbers" time="0.001"/>
  <system-out/>
</testsuite> <!-- NSDLTraining.CalculatorAPI.TestingSubtractionTestCases -->
